<?xml version="1.0" encoding="UTF-8"?>
<!-- Generated by org.testng.reporters.JUnitReportReporter -->
<testsuite hostname="DESKTOP-80U724K" failures="0" tests="1" name="opencart_TestBase.TC_01_opencart_logintest" time="1.571" errors="0" timestamp="2023-07-22T19:12:37 IST" skipped="0">
  <testcase classname="opencart_TestBase.TC_01_opencart_logintest" name="logintest" time="1.571"/>
</testsuite> <!-- opencart_TestBase.TC_01_opencart_logintest -->
